2025-01-12 16:52:11,528 - fastapi - ERROR - Form data requires "python-multipart" to be installed. 
You can install "python-multipart" with: 

pip install python-multipart

2025-01-12 16:55:59,304 - main - INFO - Login attempt for user: testuser
2025-01-12 16:55:59,306 - main - INFO - Successful login for user: testuser
2025-01-12 17:06:48,652 - main - INFO - Login attempt for user: testuser
2025-01-12 17:06:48,655 - main - INFO - Successful login for user: testuser
2025-01-12 17:09:17,234 - main - INFO - Login attempt for user: testuser
2025-01-12 17:09:17,237 - main - INFO - Successful login for user: testuser
2025-01-12 17:19:45,568 - main - INFO - Login attempt for user: testuser
2025-01-12 17:19:45,569 - main - INFO - Successful login for user: testuser
2025-01-12 17:19:52,275 - main - INFO - Chat message received from user: testuser
2025-01-12 17:19:52,275 - main - INFO - Response sent to user: testuser
2025-01-12 18:12:33,401 - main - INFO - Login attempt for user: testuser
2025-01-12 18:12:33,410 - main - INFO - Successful login for user: testuser
2025-01-12 18:12:41,707 - main - INFO - Chat message received from user: testuser
2025-01-12 18:12:41,708 - main - INFO - Response sent to user: testuser
2025-01-12 18:12:44,449 - main - INFO - Chat message received from user: testuser
2025-01-12 18:12:44,452 - main - INFO - Response sent to user: testuser
2025-01-12 18:12:48,592 - main - INFO - Chat message received from user: testuser
2025-01-12 18:12:48,593 - main - INFO - Response sent to user: testuser
2025-01-12 18:13:02,847 - main - INFO - Login attempt for user: testuser
2025-01-12 18:13:02,849 - main - INFO - Successful login for user: testuser
2025-01-12 18:13:07,830 - main - INFO - Chat message received from user: testuser
2025-01-12 18:13:07,831 - main - INFO - Response sent to user: testuser
2025-01-12 18:14:50,474 - main - INFO - Login attempt for user: testuser
2025-01-12 18:14:50,476 - main - INFO - Successful login for user: testuser
2025-01-12 18:14:56,280 - main - INFO - Chat message received from user: testuser
2025-01-12 18:14:56,281 - main - INFO - Response sent to user: testuser
2025-01-12 18:16:59,406 - main - INFO - Login attempt for user: testuser
2025-01-12 18:16:59,408 - main - INFO - Successful login for user: testuser
2025-01-12 18:17:03,969 - main - INFO - Chat message received from user: testuser
2025-01-12 18:17:03,970 - main - INFO - Response sent to user: testuser
2025-01-12 18:17:06,561 - main - INFO - Chat message received from user: testuser
2025-01-12 18:17:06,562 - main - INFO - Response sent to user: testuser
2025-01-12 18:17:33,850 - main - INFO - Chat message received from user: testuser
2025-01-12 18:17:33,851 - main - INFO - Response sent to user: testuser
2025-01-12 18:26:23,961 - main - INFO - Login attempt for user: testuser
2025-01-12 18:26:23,962 - main - INFO - Successful login for user: testuser
2025-01-12 18:26:28,019 - main - INFO - Chat message received from user: testuser
2025-01-12 18:26:28,020 - main - INFO - Response sent to user: testuser
2025-01-12 18:26:30,005 - main - INFO - Chat message received from user: testuser
2025-01-12 18:26:30,007 - main - INFO - Response sent to user: testuser
2025-01-12 18:26:35,933 - main - INFO - Chat message received from user: testuser
2025-01-12 18:26:35,934 - main - INFO - Response sent to user: testuser
2025-01-12 18:26:38,173 - main - INFO - Chat message received from user: testuser
2025-01-12 18:26:38,176 - main - INFO - Response sent to user: testuser
2025-01-12 18:26:43,016 - main - INFO - Chat message received from user: testuser
2025-01-12 18:26:43,018 - main - INFO - Response sent to user: testuser
2025-01-12 18:36:43,861 - main - INFO - Login attempt for user: testuser
2025-01-12 18:36:43,864 - main - INFO - Successful login for user: testuser
2025-01-12 18:36:48,225 - main - INFO - Chat message received from user: testuser
2025-01-12 18:36:48,227 - main - INFO - Response sent to user: testuser
2025-01-12 18:36:50,330 - main - INFO - Chat message received from user: testuser
2025-01-12 18:36:50,332 - main - INFO - Response sent to user: testuser
2025-01-12 18:36:53,311 - main - INFO - Chat message received from user: testuser
2025-01-12 18:36:53,313 - main - INFO - Response sent to user: testuser
2025-01-13 23:08:20,912 - main - INFO - Login attempt for user: testuser 
2025-01-13 23:08:20,913 - main - WARNING - Failed login attempt for user: testuser 
2025-01-13 23:08:27,668 - main - INFO - Login attempt for user: testuser 
2025-01-13 23:08:27,669 - main - WARNING - Failed login attempt for user: testuser 
2025-01-13 23:08:29,505 - main - INFO - Login attempt for user: testuser 
2025-01-13 23:08:29,506 - main - WARNING - Failed login attempt for user: testuser 
2025-01-13 23:08:30,321 - main - INFO - Login attempt for user: testuser 
2025-01-13 23:08:30,322 - main - WARNING - Failed login attempt for user: testuser 
2025-01-13 23:09:27,238 - main - INFO - Login attempt for user: testuser
2025-01-13 23:09:27,239 - main - INFO - Successful login for user: testuser
2025-01-13 23:09:32,228 - main - INFO - Chat message received from user: testuser
2025-01-13 23:09:32,228 - main - INFO - Response sent to user: testuser
2025-01-13 23:09:36,392 - main - INFO - Chat message received from user: testuser
2025-01-13 23:09:36,393 - main - INFO - Response sent to user: testuser
2025-01-14 00:20:01,511 - main - INFO - Login attempt for user: testuser
2025-01-14 00:20:01,513 - main - INFO - Successful login for user: testuser
2025-01-14 00:21:09,931 - main - INFO - Login attempt for user: testuser
2025-01-14 00:21:09,931 - main - INFO - Successful login for user: testuser
2025-01-14 00:21:11,235 - main - INFO - Login attempt for user: testuser
2025-01-14 00:21:11,236 - main - INFO - Successful login for user: testuser
2025-01-14 00:21:20,623 - main - INFO - Login attempt for user: testuser
2025-01-14 00:21:20,624 - main - INFO - Successful login for user: testuser
2025-01-14 00:24:19,108 - main - INFO - Login attempt for user: testuser
2025-01-14 00:24:19,109 - main - INFO - Successful login for user: testuser
2025-01-14 00:24:30,540 - main - INFO - Login attempt for user: testuser
2025-01-14 00:24:30,541 - main - INFO - Successful login for user: testuser
2025-01-14 00:24:35,639 - main - INFO - Login attempt for user: testuser
2025-01-14 00:24:35,640 - main - INFO - Successful login for user: testuser
2025-01-14 00:24:36,491 - main - INFO - Login attempt for user: testuser
2025-01-14 00:24:36,491 - main - INFO - Successful login for user: testuser
2025-01-14 00:25:39,063 - main - INFO - Login attempt for user: testuser
2025-01-14 00:25:39,064 - main - INFO - Successful login for user: testuser
2025-01-14 00:25:44,075 - main - INFO - Login attempt for user: testuser
2025-01-14 00:25:44,076 - main - INFO - Successful login for user: testuser
2025-01-14 00:25:45,396 - main - INFO - Login attempt for user: testuser
2025-01-14 00:25:45,397 - main - INFO - Successful login for user: testuser
2025-01-14 00:25:47,108 - main - INFO - Login attempt for user: testuser
2025-01-14 00:25:47,109 - main - INFO - Successful login for user: testuser
2025-01-14 00:25:50,077 - main - INFO - Login attempt for user: testuser
2025-01-14 00:25:50,078 - main - INFO - Successful login for user: testuser
2025-01-14 00:25:50,990 - main - INFO - Login attempt for user: testuser
2025-01-14 00:25:50,991 - main - INFO - Successful login for user: testuser
2025-01-14 00:25:51,164 - main - INFO - Login attempt for user: testuser
2025-01-14 00:25:51,165 - main - INFO - Successful login for user: testuser
2025-01-14 00:25:51,273 - main - INFO - Login attempt for user: testuser
2025-01-14 00:25:51,274 - main - INFO - Successful login for user: testuser
2025-01-14 00:25:51,498 - main - INFO - Login attempt for user: testuser
2025-01-14 00:25:51,499 - main - INFO - Successful login for user: testuser
2025-01-14 00:26:48,580 - main - INFO - Login attempt for user: testuser
2025-01-14 00:26:48,581 - main - WARNING - Failed login attempt for user: testuser
2025-01-14 00:26:57,453 - main - INFO - Login attempt for user: testuser
2025-01-14 00:26:57,454 - main - WARNING - Failed login attempt for user: testuser
2025-01-14 00:27:06,028 - main - INFO - Login attempt for user: testuser
2025-01-14 00:27:06,029 - main - INFO - Successful login for user: testuser
